{
  "timestamp": "2025-06-13T18:36:14.346250",
  "total_duration": 0.4552273750305176,
  "results": {
    "unit": {
      "status": "failed",
      "duration": 0.4552273750305176,
      "stdout": "FFFFFFFFF                                                                [100%]\n================================== FAILURES ===================================\n_ TestBeatFrameLayoutService.test_calculate_grid_dimensions_standard_sequences _\ntests\\unit\\services\\test_beat_frame_layout_service.py:32: in test_calculate_grid_dimensions_standard_sequences\n    cols, rows = self.service.calculate_grid_dimensions(sequence_length)\nE   AttributeError: 'BeatFrameLayoutService' object has no attribute 'calculate_grid_dimensions'\n____ TestBeatFrameLayoutService.test_calculate_grid_dimensions_edge_cases _____\ntests\\unit\\services\\test_beat_frame_layout_service.py:38: in test_calculate_grid_dimensions_edge_cases\n    cols, rows = self.service.calculate_grid_dimensions(0)\nE   AttributeError: 'BeatFrameLayoutService' object has no attribute 'calculate_grid_dimensions'\n_______ TestBeatFrameLayoutService.test_get_beat_position_valid_indices _______\ntests\\unit\\services\\test_beat_frame_layout_service.py:52: in test_get_beat_position_valid_indices\n    self.service.calculate_grid_dimensions(16)\nE   AttributeError: 'BeatFrameLayoutService' object has no attribute 'calculate_grid_dimensions'\n______ TestBeatFrameLayoutService.test_get_beat_position_invalid_indices ______\ntests\\unit\\services\\test_beat_frame_layout_service.py:63: in test_get_beat_position_invalid_indices\n    self.service.calculate_grid_dimensions(16)\nE   AttributeError: 'BeatFrameLayoutService' object has no attribute 'calculate_grid_dimensions'\n________ TestBeatFrameLayoutService.test_get_grid_cell_size_responsive ________\ntests\\unit\\services\\test_beat_frame_layout_service.py:84: in test_get_grid_cell_size_responsive\n    cell_width, cell_height = self.service.get_grid_cell_size(\nE   AttributeError: 'BeatFrameLayoutService' object has no attribute 'get_grid_cell_size'\n__________ TestBeatFrameLayoutService.test_calculate_scroll_position __________\ntests\\unit\\services\\test_beat_frame_layout_service.py:99: in test_calculate_scroll_position\n    self.service.calculate_grid_dimensions(16)\nE   AttributeError: 'BeatFrameLayoutService' object has no attribute 'calculate_grid_dimensions'\n_______________ TestBeatFrameLayoutService.test_layout_caching ________________\ntests\\unit\\services\\test_beat_frame_layout_service.py:109: in test_layout_caching\n    result1 = self.service.calculate_grid_dimensions(16)\nE   AttributeError: 'BeatFrameLayoutService' object has no attribute 'calculate_grid_dimensions'\n______________ TestBeatFrameLayoutService.test_layout_validation ______________\ntests\\unit\\services\\test_beat_frame_layout_service.py:126: in test_layout_validation\n    assert self.service.validate_layout(2, 2, 16) == False  # Too small\nE   assert True == False\nE    +  where True = validate_layout(2, 2, 16)\nE    +    where validate_layout = <src.application.services.beat_frame_layout_service.BeatFrameLayoutService object at 0x0000018D4F546ED0>.validate_layout\nE    +      where <src.application.services.beat_frame_layout_service.BeatFrameLayoutService object at 0x0000018D4F546ED0> = <test_beat_frame_layout_service.TestBeatFrameLayoutService object at 0x0000018D4F4C6ED0>.service\n__________ TestBeatFrameLayoutService.test_performance_requirements ___________\ntests\\unit\\services\\test_beat_frame_layout_service.py:137: in test_performance_requirements\n    self.service.calculate_grid_dimensions(64)\nE   AttributeError: 'BeatFrameLayoutService' object has no attribute 'calculate_grid_dimensions'\n=========================== short test summary info ===========================\nFAILED tests\\unit\\services\\test_beat_frame_layout_service.py::TestBeatFrameLayoutService::test_calculate_grid_dimensions_standard_sequences\nFAILED tests\\unit\\services\\test_beat_frame_layout_service.py::TestBeatFrameLayoutService::test_calculate_grid_dimensions_edge_cases\nFAILED tests\\unit\\services\\test_beat_frame_layout_service.py::TestBeatFrameLayoutService::test_get_beat_position_valid_indices\nFAILED tests\\unit\\services\\test_beat_frame_layout_service.py::TestBeatFrameLayoutService::test_get_beat_position_invalid_indices\nFAILED tests\\unit\\services\\test_beat_frame_layout_service.py::TestBeatFrameLayoutService::test_get_grid_cell_size_responsive\nFAILED tests\\unit\\services\\test_beat_frame_layout_service.py::TestBeatFrameLayoutService::test_calculate_scroll_position\nFAILED tests\\unit\\services\\test_beat_frame_layout_service.py::TestBeatFrameLayoutService::test_layout_caching\nFAILED tests\\unit\\services\\test_beat_frame_layout_service.py::TestBeatFrameLayoutService::test_layout_validation\nFAILED tests\\unit\\services\\test_beat_frame_layout_service.py::TestBeatFrameLayoutService::test_performance_requirements\n9 failed in 0.09s\n",
      "stderr": "",
      "returncode": 1
    }
  }
}